Arguments: 
  C:\Program Files\nodejs\node.exe E:\Nodejs\node_global\node_modules\yarn\bin\yarn.js add tyoescript

PATH: 
  C:\Python310\Scripts\;C:\Python310\;C:\WINDOWS\system32;C:\WINDOWS;C:\WINDOWS\System32\Wbem;C:\WINDOWS\System32\WindowsPowerShell\v1.0\;C:\WINDOWS\System32\OpenSSH\;C:\ProgramData\chocolatey\bin;C:\Program Files\nodejs\;D:\微信web开发者工具\dll;E:\Nod;js\node_global;D:\Git\cmd;E:\Nodejs\node_global\node_modules\yarn\bin;C:\Users\Admin\AppData\Local\Microsoft\WindowsApps;D:\Microsoft VS Code\bin;C:\Users\Admin\AppData\Roaming\npm;E:\Node\node_global;E:\Nodejs\node_global\node_modules\yarn\bin;

Yarn version: 
  1.22.18

Node version: 
  14.19.1

Platform: 
  win32 x64

Trace: 
  Error: https://registry.yarnpkg.com/tyoescript: Not found
      at Request.params.callback [as _callback] (E:\Nodejs\node_global\node_modules\yarn\lib\cli.js:66138:18)
      at Request.self.callback (E:\Nodejs\node_global\node_modules\yarn\lib\cli.js:140883:22)
      at Request.emit (events.js:400:28)
      at Request.<anonymous> (E:\Nodejs\node_global\node_modules\yarn\lib\cli.js:141855:10)
      at Request.emit (events.js:400:28)
      at IncomingMessage.<anonymous> (E:\Nodejs\node_global\node_modules\yarn\lib\cli.js:141777:12)
      at Object.onceWrapper (events.js:519:28)
      at IncomingMessage.emit (events.js:412:35)
      at endReadableNT (internal/streams/readable.js:1334:12)
      at processTicksAndRejections (internal/process/task_queues.js:82:21)

npm manifest: 
  {
    "name": "mini-vue",
    "version": "1.0.0",
    "main": "index.js",
    "author": "pangpf",
    "license": "MIT"
  }

yarn manifest: 
  No manifest

Lockfile: 
  No lockfile
